<?xml version="1.0" encoding="UTF-8"?>
<!-- Generated by org.testng.reporters.JUnitReportReporter -->
<testsuite hostname="DESKTOP-2IAD9CD" failures="0" tests="3" name="com.demoTest.TestNGArun" time="0.017" errors="0" timestamp="2023-03-21T08:57:51 IST" skipped="0">
  <testcase classname="com.demoTest.TestNGArun" name="College" time="0.010"/>
  <system-out/>
  <testcase classname="com.demoTest.TestNGArun" name="highSchool" time="0.003"/>
  <system-out/>
  <testcase classname="com.demoTest.TestNGArun" name="Company" time="0.004"/>
  <system-out/>
</testsuite> <!-- com.demoTest.TestNGArun -->
